Log file open, 01/09/19 15:23:04
LogWindows: Failed to load 'aqProf.dll' (GetLastError=126)
LogWindows: File 'aqProf.dll' does not exist
LogWindows: Failed to load 'VtuneApi.dll' (GetLastError=126)
LogWindows: File 'VtuneApi.dll' does not exist
LogWindows: Failed to load 'VtuneApi32e.dll' (GetLastError=126)
LogWindows: File 'VtuneApi32e.dll' does not exist
LogInit: Display: Running engine for game: PaperCut
LogPlatformFile: Not using cached read wrapper
LogInit: Display: RandInit(-1140547798) SRandInit(-1140547797).
LogInit: Read version file with build ID '3944462'
LogInit: Overriding engine version to CL 4033788, compatible CL 3944462
LogInit: Registered custom module enumerator with build ID '3944462'
LogTaskGraph: Started task graph with 5 named threads and 23 total threads with 3 sets of task threads.
LogStats: Stats thread started at 0.896424
LogD3D11RHI: Aftermath initialized
LogICUInternationalization: Display: ICU TimeZone Detection - Raw Offset: +0:00, Platform Override: ''
LogModuleManager: Display: Found up-to-date module file ../../../Engine/Plugins/2D/Paper2D/Binaries/Win64/UE4Editor-Paper2D.dll (API version 3944462).
LogModuleManager: Display: Found up-to-date module file ../../../Engine/Plugins/2D/Paper2D/Binaries/Win64/UE4Editor-Paper2DEditor.dll (API version 3944462).
LogModuleManager: Display: Found up-to-date module file ../../../Engine/Plugins/2D/Paper2D/Binaries/Win64/UE4Editor-PaperSpriteSheetImporter.dll (API version 3944462).
LogModuleManager: Display: Found up-to-date module file ../../../Engine/Plugins/2D/Paper2D/Binaries/Win64/UE4Editor-PaperTiledImporter.dll (API version 3944462).
LogModuleManager: Display: Found up-to-date module file ../../../Engine/Plugins/2D/Paper2D/Binaries/Win64/UE4Editor-SmartSnapping.dll (API version 3944462).
LogModuleManager: Display: Found up-to-date module file ../../../Engine/Plugins/Blendables/LightPropagationVolume/Binaries/Win64/UE4Editor-LightPropagationVolumeRuntime.dll (API version 3944462).
LogModuleManager: Display: Found up-to-date module file ../../../Engine/Plugins/Blendables/LightPropagationVolume/Binaries/Win64/UE4Editor-LightPropagationVolumeEditor.dll (API version 3944462).
LogModuleManager: Display: Found up-to-date module file ../../../Engine/Plugins/Developer/CLionSourceCodeAccess/Binaries/Win64/UE4Editor-CLionSourceCodeAccess.dll (API version 3944462).
LogModuleManager: Display: Found up-to-date module file ../../../Engine/Plugins/Developer/GitSourceControl/Binaries/Win64/UE4Editor-GitSourceControl.dll (API version 3944462).
LogModuleManager: Display: Found up-to-date module file ../../../Engine/Plugins/Developer/PerforceSourceControl/Binaries/Win64/UE4Editor-PerforceSourceControl.dll (API version 3944462).
LogModuleManager: Display: Found up-to-date module file ../../../Engine/Plugins/Developer/SubversionSourceControl/Binaries/Win64/UE4Editor-SubversionSourceControl.dll (API version 3944462).
LogModuleManager: Display: Found up-to-date module file ../../../Engine/Plugins/Developer/UObjectPlugin/Binaries/Win64/UE4Editor-UObjectPlugin.dll (API version 3944462).
LogModuleManager: Display: Found up-to-date module file ../../../Engine/Plugins/Developer/VisualStudioCodeSourceCodeAccess/Binaries/Win64/UE4Editor-VisualStudioCodeSourceCodeAccess.dll (API version 3944462).
LogModuleManager: Display: Found up-to-date module file ../../../Engine/Plugins/Developer/VisualStudioSourceCodeAccess/Binaries/Win64/UE4Editor-VisualStudioSourceCodeAccess.dll (API version 3944462).
LogModuleManager: Display: Found up-to-date module file ../../../Engine/Plugins/Editor/AssetManagerEditor/Binaries/Win64/UE4Editor-AssetManagerEditor.dll (API version 3944462).
LogModuleManager: Display: Found up-to-date module file ../../../Engine/Plugins/Editor/CryptoKeys/Binaries/Win64/UE4Editor-CryptoKeys.dll (API version 3944462).
LogModuleManager: Display: Found up-to-date module file ../../../Engine/Plugins/Editor/CryptoKeys/Binaries/Win64/UE4Editor-CryptoKeysOpenSSL.dll (API version 3944462).
LogModuleManager: Display: Found up-to-date module file ../../../Engine/Plugins/Editor/DataValidation/Binaries/Win64/UE4Editor-DataValidation.dll (API version 3944462).
LogModuleManager: Display: Found up-to-date module file ../../../Engine/Plugins/Editor/FacialAnimation/Binaries/Win64/UE4Editor-FacialAnimation.dll (API version 3944462).
LogModuleManager: Display: Found up-to-date module file ../../../Engine/Plugins/Editor/FacialAnimation/Binaries/Win64/UE4Editor-FacialAnimationEditor.dll (API version 3944462).
LogModuleManager: Display: Found up-to-date module file ../../../Engine/Plugins/Editor/GameplayTagsEditor/Binaries/Win64/UE4Editor-GameplayTagsEditor.dll (API version 3944462).
LogModuleManager: Display: Found up-to-date module file ../../../Engine/Plugins/Editor/MobileLauncherProfileWizard/Binaries/Win64/UE4Editor-MobileLauncherProfileWizard.dll (API version 3944462).
LogModuleManager: Display: Found up-to-date module file ../../../Engine/Plugins/Editor/PluginBrowser/Binaries/Win64/UE4Editor-PluginBrowser.dll (API version 3944462).
LogModuleManager: Display: Found up-to-date module file ../../../Engine/Plugins/Editor/SpeedTreeImporter/Binaries/Win64/UE4Editor-SpeedTreeImporter.dll (API version 3944462).
LogModuleManager: Display: Found up-to-date module file ../../../Engine/Plugins/Enterprise/DatasmithContent/Binaries/Win64/UE4Editor-DatasmithContent.dll (API version 3944462).
LogModuleManager: Display: Found up-to-date module file ../../../Engine/Plugins/Experimental/AlembicImporter/Binaries/Win64/UE4Editor-AlembicImporter.dll (API version 3944462).
LogModuleManager: Display: Found up-to-date module file ../../../Engine/Plugins/Experimental/AlembicImporter/Binaries/Win64/UE4Editor-AlembicLibrary.dll (API version 3944462).
LogModuleManager: Display: Found up-to-date module file ../../../Engine/Plugins/Experimental/CharacterAI/Binaries/Win64/UE4Editor-CharacterAI.dll (API version 3944462).
LogModuleManager: Display: Found up-to-date module file ../../../Engine/Plugins/Experimental/HTML5Networking/Binaries/Win64/UE4Editor-HTML5Networking.dll (API version 3944462).
LogModuleManager: Display: Found up-to-date module file ../../../Engine/Plugins/Media/AndroidMedia/Binaries/Win64/UE4Editor-AndroidMediaEditor.dll (API version 3944462).
LogModuleManager: Display: Found up-to-date module file ../../../Engine/Plugins/Media/AndroidMedia/Binaries/Win64/UE4Editor-AndroidMediaFactory.dll (API version 3944462).
LogModuleManager: Display: Found up-to-date module file ../../../Engine/Plugins/Media/AvfMedia/Binaries/Win64/UE4Editor-AvfMediaEditor.dll (API version 3944462).
LogModuleManager: Display: Found up-to-date module file ../../../Engine/Plugins/Media/AvfMedia/Binaries/Win64/UE4Editor-AvfMediaFactory.dll (API version 3944462).
LogModuleManager: Display: Found up-to-date module file ../../../Engine/Plugins/Media/AvfMedia/Binaries/Win64/UE4Editor-AvfMediaFactory.dll (API version 3944462).
LogModuleManager: Display: Found up-to-date module file ../../../Engine/Plugins/Media/ImgMedia/Binaries/Win64/UE4Editor-ImgMedia.dll (API version 3944462).
LogModuleManager: Display: Found up-to-date module file ../../../Engine/Plugins/Media/ImgMedia/Binaries/Win64/UE4Editor-ImgMediaEditor.dll (API version 3944462).
LogModuleManager: Display: Found up-to-date module file ../../../Engine/Plugins/Media/ImgMedia/Binaries/Win64/UE4Editor-ImgMediaFactory.dll (API version 3944462).
LogModuleManager: Display: Found up-to-date module file ../../../Engine/Plugins/Media/ImgMedia/Binaries/Win64/UE4Editor-ImgMediaFactory.dll (API version 3944462).
LogModuleManager: Display: Found up-to-date module file ../../../Engine/Plugins/Media/ImgMedia/Binaries/Win64/UE4Editor-OpenExrWrapper.dll (API version 3944462).
LogModuleManager: Display: Found up-to-date module file ../../../Engine/Plugins/Media/LinearTimecode/Binaries/Win64/UE4Editor-LinearTimecode.dll (API version 3944462).
LogModuleManager: Display: Found up-to-date module file ../../../Engine/Plugins/Media/MediaCompositing/Binaries/Win64/UE4Editor-MediaCompositing.dll (API version 3944462).
LogModuleManager: Display: Found up-to-date module file ../../../Engine/Plugins/Media/MediaCompositing/Binaries/Win64/UE4Editor-MediaCompositingEditor.dll (API version 3944462).
LogModuleManager: Display: Found up-to-date module file ../../../Engine/Plugins/Media/MediaPlayerEditor/Binaries/Win64/UE4Editor-MediaPlayerEditor.dll (API version 3944462).
LogModuleManager: Display: Found up-to-date module file ../../../Engine/Plugins/Media/WmfMedia/Binaries/Win64/UE4Editor-WmfMedia.dll (API version 3944462).
LogModuleManager: Display: Found up-to-date module file ../../../Engine/Plugins/Media/WmfMedia/Binaries/Win64/UE4Editor-WmfMediaEditor.dll (API version 3944462).
LogModuleManager: Display: Found up-to-date module file ../../../Engine/Plugins/Media/WmfMedia/Binaries/Win64/UE4Editor-WmfMediaFactory.dll (API version 3944462).
LogModuleManager: Display: Found up-to-date module file ../../../Engine/Plugins/Media/WmfMedia/Binaries/Win64/UE4Editor-WmfMediaFactory.dll (API version 3944462).
LogModuleManager: Display: Found up-to-date module file ../../../Engine/Plugins/Messaging/TcpMessaging/Binaries/Win64/UE4Editor-TcpMessaging.dll (API version 3944462).
LogModuleManager: Display: Found up-to-date module file ../../../Engine/Plugins/Messaging/UdpMessaging/Binaries/Win64/UE4Editor-UdpMessaging.dll (API version 3944462).
LogModuleManager: Display: Found up-to-date module file ../../../Engine/Plugins/MovieScene/ActorSequence/Binaries/Win64/UE4Editor-ActorSequence.dll (API version 3944462).
LogModuleManager: Display: Found up-to-date module file ../../../Engine/Plugins/MovieScene/LevelSequenceEditor/Binaries/Win64/UE4Editor-LevelSequenceEditor.dll (API version 3944462).
LogModuleManager: Display: Found up-to-date module file ../../../Engine/Plugins/MovieScene/MatineeToLevelSequence/Binaries/Win64/UE4Editor-MatineeToLevelSequence.dll (API version 3944462).
LogModuleManager: Display: Found up-to-date module file ../../../Engine/Plugins/NetcodeUnitTest/NetcodeUnitTest/Binaries/Win64/UE4Editor-NetcodeUnitTest.dll (API version 3944462).
LogModuleManager: Display: Found up-to-date module file ../../../Engine/Plugins/NetcodeUnitTest/NUTUnrealEngine4/Binaries/Win64/UE4Editor-NUTUnrealEngine4.dll (API version 3944462).
LogModuleManager: Display: Found up-to-date module file ../../../Engine/Plugins/Online/OnlineSubsystem/Binaries/Win64/UE4Editor-OnlineSubsystem.dll (API version 3944462).
LogModuleManager: Display: Found up-to-date module file ../../../Engine/Plugins/Runtime/AndroidPermission/Binaries/Win64/UE4Editor-AndroidPermission.dll (API version 3944462).
LogModuleManager: Display: Found up-to-date module file ../../../Engine/Plugins/Online/OnlineSubsystemNull/Binaries/Win64/UE4Editor-OnlineSubsystemNull.dll (API version 3944462).
LogModuleManager: Display: Found up-to-date module file ../../../Engine/Plugins/Online/OnlineSubsystemUtils/Binaries/Win64/UE4Editor-OnlineSubsystemUtils.dll (API version 3944462).
LogModuleManager: Display: Found up-to-date module file ../../../Engine/Plugins/Online/OnlineSubsystemUtils/Binaries/Win64/UE4Editor-OnlineBlueprintSupport.dll (API version 3944462).
LogModuleManager: Display: Found up-to-date module file ../../../Engine/Plugins/Runtime/AndroidDeviceProfileSelector/Binaries/Win64/UE4Editor-AndroidDeviceProfileSelector.dll (API version 3944462).
LogModuleManager: Display: Found up-to-date module file ../../../Engine/Plugins/Runtime/AppleARKit/Binaries/Win64/UE4Editor-AppleARKit.dll (API version 3944462).
LogModuleManager: Display: Found up-to-date module file ../../../Engine/Plugins/Runtime/ProceduralMeshComponent/Binaries/Win64/UE4Editor-ProceduralMeshComponent.dll (API version 3944462).
LogModuleManager: Display: Found up-to-date module file ../../../Engine/Plugins/Runtime/ProceduralMeshComponent/Binaries/Win64/UE4Editor-ProceduralMeshComponentEditor.dll (API version 3944462).
LogModuleManager: Display: Found up-to-date module file ../../../Engine/Plugins/Animation/LiveLink/Binaries/Win64/UE4Editor-LiveLink.dll (API version 3944462).
LogModuleManager: Display: Found up-to-date module file ../../../Engine/Plugins/Animation/LiveLink/Binaries/Win64/UE4Editor-LiveLinkEditor.dll (API version 3944462).
LogModuleManager: Display: Found up-to-date module file ../../../Engine/Plugins/Runtime/ArchVisCharacter/Binaries/Win64/UE4Editor-ArchVisCharacter.dll (API version 3944462).
LogModuleManager: Display: Found up-to-date module file ../../../Engine/Plugins/Runtime/AudioCapture/Binaries/Win64/UE4Editor-AudioCapture.dll (API version 3944462).
LogModuleManager: Display: Found up-to-date module file ../../../Engine/Plugins/Runtime/AudioCapture/Binaries/Win64/UE4Editor-AudioCaptureEditor.dll (API version 3944462).
LogModuleManager: Display: Found up-to-date module file ../../../Engine/Plugins/Runtime/CableComponent/Binaries/Win64/UE4Editor-CableComponent.dll (API version 3944462).
LogModuleManager: Display: Found up-to-date module file ../../../Engine/Plugins/Runtime/CustomMeshComponent/Binaries/Win64/UE4Editor-CustomMeshComponent.dll (API version 3944462).
LogModuleManager: Display: Found up-to-date module file ../../../Engine/Plugins/Runtime/ExampleDeviceProfileSelector/Binaries/Win64/UE4Editor-ExampleDeviceProfileSelector.dll (API version 3944462).
LogModuleManager: Display: Found up-to-date module file ../../../Engine/Plugins/Runtime/ImmediatePhysics/Binaries/Win64/UE4Editor-ImmediatePhysics.dll (API version 3944462).
LogModuleManager: Display: Found up-to-date module file ../../../Engine/Plugins/Runtime/ImmediatePhysics/Binaries/Win64/UE4Editor-ImmediatePhysicsEditor.dll (API version 3944462).
LogModuleManager: Display: Found up-to-date module file ../../../Engine/Plugins/Runtime/LocationServicesBPLibrary/Binaries/Win64/UE4Editor-LocationServicesBPLibrary.dll (API version 3944462).
LogModuleManager: Display: Found up-to-date module file ../../../Engine/Plugins/Runtime/MobilePatchingUtils/Binaries/Win64/UE4Editor-MobilePatchingUtils.dll (API version 3944462).
LogModuleManager: Display: Found up-to-date module file ../../../Engine/Plugins/Runtime/Oculus/OculusVR/Binaries/Win64/UE4Editor-OculusHMD.dll (API version 3944462).
LogModuleManager: Display: Found up-to-date module file ../../../Engine/Plugins/Runtime/Oculus/OculusVR/Binaries/Win64/UE4Editor-OculusInput.dll (API version 3944462).
LogModuleManager: Display: Found up-to-date module file ../../../Engine/Plugins/Runtime/Oculus/OculusVR/Binaries/Win64/UE4Editor-OculusEditor.dll (API version 3944462).
LogModuleManager: Display: Found up-to-date module file ../../../Engine/Plugins/Runtime/PhysXVehicles/Binaries/Win64/UE4Editor-PhysXVehicles.dll (API version 3944462).
LogModuleManager: Display: Found up-to-date module file ../../../Engine/Plugins/Runtime/PhysXVehicles/Binaries/Win64/UE4Editor-PhysXVehiclesEditor.dll (API version 3944462).
LogModuleManager: Display: Found up-to-date module file ../../../Engine/Plugins/Runtime/RuntimePhysXCooking/Binaries/Win64/UE4Editor-RuntimePhysXCooking.dll (API version 3944462).
LogModuleManager: Display: Found up-to-date module file ../../../Engine/Plugins/Runtime/Steam/SteamVR/Binaries/Win64/UE4Editor-SteamVR.dll (API version 3944462).
LogModuleManager: Display: Found up-to-date module file ../../../Engine/Plugins/Runtime/Steam/SteamVR/Binaries/Win64/UE4Editor-SteamVRController.dll (API version 3944462).
LogModuleManager: Display: Found up-to-date module file ../../../Engine/Plugins/Runtime/WindowsMoviePlayer/Binaries/Win64/UE4Editor-WindowsMoviePlayer.dll (API version 3944462).
LogPluginManager: Mounting plugin Paper2D
LogPluginManager: Mounting plugin LiveLink
LogPluginManager: Mounting plugin LightPropagationVolume
LogPluginManager: Mounting plugin CLionSourceCodeAccess
LogPluginManager: Mounting plugin CodeLiteSourceCodeAccess
LogPluginManager: Mounting plugin GitSourceControl
LogPluginManager: Mounting plugin KDevelopSourceCodeAccess
LogPluginManager: Mounting plugin NullSourceCodeAccess
LogPluginManager: Mounting plugin PerforceSourceControl
LogPluginManager: Mounting plugin SubversionSourceControl
LogPluginManager: Mounting plugin UObjectPlugin
LogPluginManager: Mounting plugin VisualStudioCodeSourceCodeAccess
LogPluginManager: Mounting plugin VisualStudioSourceCodeAccess
LogPluginManager: Mounting plugin XCodeSourceCodeAccess
LogPluginManager: Mounting plugin AssetManagerEditor
LogPluginManager: Mounting plugin CryptoKeys
LogPluginManager: Mounting plugin DataValidation
LogPluginManager: Mounting plugin FacialAnimation
LogPluginManager: Mounting plugin GameplayTagsEditor
LogPluginManager: Mounting plugin MobileLauncherProfileWizard
LogPluginManager: Mounting plugin PluginBrowser
LogPluginManager: Mounting plugin SpeedTreeImporter
LogPluginManager: Mounting plugin DatasmithContent
LogPluginManager: Mounting plugin AlembicImporter
LogPluginManager: Mounting plugin CharacterAI
LogPluginManager: Mounting plugin HTML5Networking
LogPluginManager: Mounting plugin AndroidMedia
LogPluginManager: Mounting plugin AvfMedia
LogPluginManager: Mounting plugin ImgMedia
LogPluginManager: Mounting plugin LinearTimecode
LogPluginManager: Mounting plugin MediaCompositing
LogPluginManager: Mounting plugin MediaPlayerEditor
LogPluginManager: Mounting plugin WmfMedia
LogPluginManager: Mounting plugin TcpMessaging
LogPluginManager: Mounting plugin UdpMessaging
LogPluginManager: Mounting plugin ActorSequence
LogPluginManager: Mounting plugin LevelSequenceEditor
LogPluginManager: Mounting plugin MatineeToLevelSequence
LogPluginManager: Mounting plugin NetcodeUnitTest
LogPluginManager: Mounting plugin NUTUnrealEngine4
LogPluginManager: Mounting plugin OnlineSubsystemGooglePlay
LogPluginManager: Mounting plugin OnlineSubsystemIOS
LogPluginManager: Mounting plugin OnlineSubsystem
LogPluginManager: Mounting plugin OnlineSubsystemNull
LogPluginManager: Mounting plugin OnlineSubsystemUtils
LogPluginManager: Mounting plugin AndroidDeviceProfileSelector
LogPluginManager: Mounting plugin AndroidMoviePlayer
LogPluginManager: Mounting plugin AndroidPermission
LogPluginManager: Mounting plugin AppleARKit
LogPluginManager: Mounting plugin AppleMoviePlayer
LogPluginManager: Mounting plugin ArchVisCharacter
LogPluginManager: Mounting plugin AudioCapture
LogPluginManager: Mounting plugin CableComponent
LogPluginManager: Mounting plugin CustomMeshComponent
LogPluginManager: Mounting plugin ExampleDeviceProfileSelector
LogPluginManager: Mounting plugin GoogleCloudMessaging
LogPluginManager: Mounting plugin ImmediatePhysics
LogPluginManager: Mounting plugin IOSDeviceProfileSelector
LogPluginManager: Mounting plugin LinuxDeviceProfileSelector
LogPluginManager: Mounting plugin LocationServicesBPLibrary
LogPluginManager: Mounting plugin MobilePatchingUtils
LogPluginManager: Mounting plugin OculusVR
LogPluginManager: Plugin shader directory ../../../Engine/Plugins/Runtime/Oculus/OculusVR/Shaders found
LogPluginManager: Mapping shader source directory ../../../Engine/Plugins/Runtime/Oculus/OculusVR/Shaders to virtual directory /Plugin/OculusVR
LogPluginManager: Mounting plugin PhysXVehicles
LogPluginManager: Mounting plugin ProceduralMeshComponent
LogPluginManager: Mounting plugin RuntimePhysXCooking
LogPluginManager: Mounting plugin SteamVR
LogPluginManager: Mounting plugin WindowsMoviePlayer
LogStreaming: Display: Took 11.469s to configure plugins.
LogInit: Using libcurl 7.47.1
LogInit:  - built for x86_64-pc-win32
LogInit:  - supports SSL with OpenSSL/1.0.2g
LogInit:  - supports HTTP deflate (compression) using libz 1.2.8
LogInit:  - other features:
LogInit:      CURL_VERSION_SSL
LogInit:      CURL_VERSION_LIBZ
LogInit:      CURL_VERSION_IPV6
LogInit:      CURL_VERSION_ASYNCHDNS
LogInit:      CURL_VERSION_LARGEFILE
LogInit:      CURL_VERSION_IDN
LogInit:  CurlRequestOptions (configurable via config and command line):
LogInit:  - bVerifyPeer = false  - Libcurl will NOT verify peer certificate
LogInit:  - bUseHttpProxy = false  - Libcurl will NOT use HTTP proxy
LogInit:  - bDontReuseConnections = false  - Libcurl will reuse connections
LogInit:  - CertBundlePath = nullptr  - Libcurl will use whatever was configured at build time.
LogInit:  - MaxHostConnections = 16  - Libcurl will limit the number of connections to a host
LogInit:  - LocalHostAddr = Default
LogInit: WinSock: version 1.1 (2.2), MaxSocks=32767, MaxUdp=65467
LogInit: WinSock: I am c108-04 (10.6.111.127:0)
LogInit: Build: ++UE4+Release-4.19-CL-4033788
LogInit: Engine Version: 4.19.2-4033788+++UE4+Release-4.19
LogInit: Compatible Engine Version: 4.19.0-3944462+++UE4+Release-4.19
LogInit: Net CL: 3944462
LogDevObjectVersion: Number of dev versions registered: 18
LogDevObjectVersion:   Dev-Blueprints (B0D832E4-1F89-4F0D-ACCF-7EB736FD4AA2): 10
LogDevObjectVersion:   Dev-Build (E1C64328-A22C-4D53-A36C-8E866417BD8C): 0
LogDevObjectVersion:   Dev-Core (375EC13C-06E4-48FB-B500-84F0262A717E): 2
LogDevObjectVersion:   Dev-Editor (E4B068ED-F494-42E9-A231-DA0B2E46BB41): 23
LogDevObjectVersion:   Dev-Framework (CFFC743F-43B0-4480-9391-14DF171D2073): 33
LogDevObjectVersion:   Dev-Mobile (B02B49B5-BB20-44E9-A304-32B752E40360): 2
LogDevObjectVersion:   Dev-Networking (A4E4105C-59A1-49B5-A7C5-40C4547EDFEE): 0
LogDevObjectVersion:   Dev-Online (39C831C9-5AE6-47DC-9A44-9C173E1C8E7C): 0
LogDevObjectVersion:   Dev-Physics (78F01B33-EBEA-4F98-B9B4-84EACCB95AA2): 0
LogDevObjectVersion:   Dev-Platform (6631380F-2D4D-43E0-8009-CF276956A95A): 0
LogDevObjectVersion:   Dev-Rendering (12F88B9F-8875-4AFC-A67C-D90C383ABD29): 25
LogDevObjectVersion:   Dev-Sequencer (7B5AE74C-D270-4C10-A958-57980B212A5A): 6
LogDevObjectVersion:   Dev-VR (D7296918-1DD6-4BDD-9DE2-64A83CC13884): 1
LogDevObjectVersion:   Dev-LoadTimes (C2A15278-BFE7-4AFE-6C17-90FF531DF755): 1
LogDevObjectVersion:   Private-Geometry (6EACA3D4-40EC-4CC1-B786-8BED09428FC5): 2
LogDevObjectVersion:   Dev-AnimPhys (29E575DD-E0A3-4627-9D10-D276232CDCEA): 16
LogDevObjectVersion:   Dev-ReflectionCapture (6B266CEC-1EC7-4B8F-A30B-E4D90942FC07): 1
LogDevObjectVersion:   Dev-Automation (0DF73D61-A23F-47EA-B727-89E90C41499A): 1
LogInit: Compiled (64-bit): Apr 27 2018 02:06:57
LogInit: Compiled with Visual C++: 19.00.24215.01
LogInit: Build Configuration: Development
LogInit: Branch Name: ++UE4+Release-4.19
LogInit: Command Line:  
LogInit: Base Directory: C:/Epic/UE4/UE_4.19/Engine/Binaries/Win64/
LogInit: Installed Engine Build: 1
LogStreaming: Display: Took  0.002s to delete old logs.
LogInit: Presizing for max 8388607 objects, including 0 objects not considered by GC, pre-allocating 0 bytes for permanent pool.
LogInit: Object subsystem initialized
[2019.01.09-15.23.17:630][  0]LogInit: Selected Device Profile: [Windows]
[2019.01.09-15.23.17:630][  0]LogInit: Applying CVar settings loaded from the selected device profile: [Windows]
[2019.01.09-15.23.17:786][  0]LogInit: Computer: C108-04
[2019.01.09-15.23.17:786][  0]LogInit: User: t013077h
[2019.01.09-15.23.17:786][  0]LogInit: CPU Page size=4096, Cores=4
[2019.01.09-15.23.17:786][  0]LogInit: High frequency timer resolution =3.507174 MHz
[2019.01.09-15.23.17:787][  0]LogMemory: Memory total: Physical=15.9GB (16GB approx)
[2019.01.09-15.23.17:787][  0]LogMemory: Platform Memory Stats for Windows
[2019.01.09-15.23.17:788][  0]LogMemory: Process Physical Memory: 274.75 MB used, 274.75 MB peak
[2019.01.09-15.23.17:788][  0]LogMemory: Process Virtual Memory: 264.60 MB used, 264.60 MB peak
[2019.01.09-15.23.17:788][  0]LogMemory: Physical Memory: 6431.10 MB used,  9876.78 MB free, 16307.88 MB total
[2019.01.09-15.23.17:788][  0]LogMemory: Virtual Memory: 4790.76 MB used,  9876.78 MB free, 134217728.00 MB total
[2019.01.09-15.23.18:354][  0]LogInit: Using OS detected language (en-US).
[2019.01.09-15.23.18:354][  0]LogInit: Using OS detected locale (en-GB).
[2019.01.09-15.23.18:662][  0]LogTextLocalizationManager: No specific localization for 'en-US' exists, so the 'en' localization will be used.
[2019.01.09-15.23.19:957][  0]LogStreaming: Display: Took  1.603s to EndInitTextLocalization.
[2019.01.09-15.23.19:957][  0]LogInit: Setting process to per monitor DPI aware
[2019.01.09-15.23.20:621][  0]LogSlate: New Slate User Created.  User Index 0, Is Virtual User: 0
[2019.01.09-15.23.20:621][  0]LogSlate: Slate User Registered.  User Index 0, Is Virtual User: 0
[2019.01.09-15.23.25:119][  0]LogD3D11RHI: D3D11 adapters:
[2019.01.09-15.23.25:328][  0]LogD3D11RHI:    0. 'NVIDIA GeForce GTX 660 Ti' (Feature Level 11_0)
[2019.01.09-15.23.25:328][  0]LogD3D11RHI:       1998/0/8153 MB DedicatedVideo/DedicatedSystem/SharedSystem, Outputs:2, VendorId:0x10de
[2019.01.09-15.23.25:333][  0]LogD3D11RHI:    1. 'Microsoft Basic Render Driver' (Feature Level 11_0)
[2019.01.09-15.23.25:333][  0]LogD3D11RHI:       0/0/8153 MB DedicatedVideo/DedicatedSystem/SharedSystem, Outputs:0, VendorId:0x1414
[2019.01.09-15.23.25:333][  0]LogD3D11RHI: Chosen D3D11 Adapter: 0
[2019.01.09-15.23.25:358][  0]LogD3D11RHI: Creating new Direct3DDevice
[2019.01.09-15.23.25:359][  0]LogD3D11RHI:     GPU DeviceId: 0x1183 (for the marketing name, search the web for "GPU Device Id")
[2019.01.09-15.23.25:359][  0]LogWindows: EnumDisplayDevices:
[2019.01.09-15.23.25:359][  0]LogWindows:    0. 'NVIDIA GeForce GTX 660 Ti' (P:1 D:1)
[2019.01.09-15.23.25:360][  0]LogWindows:    1. 'NVIDIA GeForce GTX 660 Ti' (P:0 D:1)
[2019.01.09-15.23.25:361][  0]LogWindows:    2. 'NVIDIA GeForce GTX 660 Ti' (P:0 D:0)
[2019.01.09-15.23.25:362][  0]LogWindows:    3. 'NVIDIA GeForce GTX 660 Ti' (P:0 D:0)
[2019.01.09-15.23.25:363][  0]LogWindows: DebugString: GetVideoDriverDetailsInvalid PrimaryIsNotTheChoosenAdapter GetVideoDriverDetailsInvalid PrimaryIsNotTheChoosenAdapter GetVideoDriverDetailsInvalid PrimaryIsNotTheChoosenAdapter GetVideoDriverDetailsInvalid PrimaryIsNotTheChoosenAdapter FoundDriverCount:0 
[2019.01.09-15.23.25:363][  0]LogD3D11RHI:     Adapter Name: NVIDIA GeForce GTX 660 Ti
[2019.01.09-15.23.25:363][  0]LogD3D11RHI:   Driver Version: Unknown (internal:Unknown, unified:Unknown)
[2019.01.09-15.23.25:363][  0]LogD3D11RHI:      Driver Date: Unknown
[2019.01.09-15.23.25:363][  0]LogRHI: Texture pool is 1398 MB (70% of 1998 MB)
[2019.01.09-15.23.25:474][  0]LogD3D11RHI: [Aftermath] Aftermath enabled and primed
[2019.01.09-15.23.25:474][  0]LogD3D11RHI: [Aftermath] Aftermath enabled and primed
[2019.01.09-15.23.25:474][  0]LogD3D11RHI: Async texture creation enabled
[2019.01.09-15.23.25:495][  0]LogD3D11RHI: GPU Timing Frequency: 1000.000000 (Debug: 2 2)
[2019.01.09-15.23.25:499][  0]LogShaderCompilers: Guid format shader working directory is 8 characters bigger than the processId version (../../../../../../temp_t013077h/PaperCut/Intermediate/Shaders/WorkingDirectory/11284/).
[2019.01.09-15.23.25:499][  0]LogShaderCompilers: Cleaned the shader compiler working directory 'C:/Users/t013077h/AppData/Local/Temp/UnrealShaderWorkingDir/827B3B054B1BE8C138D3B4BE7A4E6271/'.
[2019.01.09-15.23.28:046][  0]LogTemp: Display: Loaded TP AllDesktopTargetPlatform
[2019.01.09-15.23.28:091][  0]LogTemp: Display: Loaded TP MacClientTargetPlatform
[2019.01.09-15.23.28:140][  0]LogTemp: Display: Loaded TP MacNoEditorTargetPlatform
[2019.01.09-15.23.28:199][  0]LogTemp: Display: Loaded TP MacServerTargetPlatform
[2019.01.09-15.23.28:278][  0]LogTemp: Display: Loaded TP MacTargetPlatform
[2019.01.09-15.23.28:339][  0]LogTemp: Display: Loaded TP WindowsClientTargetPlatform
[2019.01.09-15.23.28:374][  0]LogTemp: Display: Loaded TP WindowsNoEditorTargetPlatform
[2019.01.09-15.23.28:422][  0]LogTemp: Display: Loaded TP WindowsServerTargetPlatform
[2019.01.09-15.23.28:455][  0]LogTemp: Display: Loaded TP WindowsTargetPlatform
[2019.01.09-15.23.28:505][  0]LogTemp: Display: Loaded TP Android_ASTCTargetPlatform
[2019.01.09-15.23.28:552][  0]LogTemp: Display: Loaded TP Android_ATCTargetPlatform
[2019.01.09-15.23.28:600][  0]LogTemp: Display: Loaded TP Android_DXTTargetPlatform
[2019.01.09-15.23.28:646][  0]LogTemp: Display: Loaded TP Android_ETC1aTargetPlatform
[2019.01.09-15.23.28:695][  0]LogTemp: Display: Loaded TP Android_ETC1TargetPlatform
[2019.01.09-15.23.28:739][  0]LogTemp: Display: Loaded TP Android_ETC2TargetPlatform
[2019.01.09-15.23.28:832][  0]LogTemp: Display: Loaded TP Android_MultiTargetPlatform
[2019.01.09-15.23.28:832][  0]LogTemp: Display: Loaded TP Android_PVRTCTargetPlatform
[2019.01.09-15.23.28:912][  0]LogTemp: Display: Loaded TP AndroidTargetPlatform
[2019.01.09-15.23.28:921][  0]LogTemp: Display: Loaded TP HTML5TargetPlatform
[2019.01.09-15.23.29:187][  0]LogTemp: Display: Loaded TP IOSTargetPlatform
[2019.01.09-15.23.29:231][  0]LogTemp: Display: Loaded TP TVOSTargetPlatform
[2019.01.09-15.23.29:248][  0]LogTemp: Display: Loaded TP LinuxClientTargetPlatform
[2019.01.09-15.23.29:266][  0]LogTemp: Display: Loaded TP LinuxNoEditorTargetPlatform
[2019.01.09-15.23.29:290][  0]LogTemp: Display: Loaded TP LinuxServerTargetPlatform
[2019.01.09-15.23.29:319][  0]LogTemp: Display: Loaded TP LinuxTargetPlatform
[2019.01.09-15.23.29:319][  0]LogTargetPlatformManager: Display: Building Assets For Windows
[2019.01.09-15.23.31:347][  0]LogXGEController: Cleaning working directory: C:/Users/t013077h/AppData/Local/Temp/UnrealXGEWorkingDir/
[2019.01.09-15.23.31:349][  0]LogXGEController: Cannot use XGE Controller as Incredibuild is not installed on this machine.
[2019.01.09-15.23.31:349][  0]LogShaderCompilers: Cannot use XGE Shader Compiler as Incredibuild is not installed on this machine.
[2019.01.09-15.23.31:349][  0]LogShaderCompilers: Display: Using Local Shader Compiler.
[2019.01.09-15.23.37:318][  0]LogDerivedDataCache: Display: Max Cache Size: 512 MB
[2019.01.09-15.23.37:318][  0]LogDerivedDataCache: Display: Starting with empty Boot cache
[2019.01.09-15.23.37:318][  0]LogDerivedDataCache: FDerivedDataBackendGraph:  Pak pak cache file ../../../../../../temp_t013077h/PaperCut/DerivedDataCache/DDC.ddp not found, will not use a pak cache.
[2019.01.09-15.23.37:318][  0]LogDerivedDataCache: Unable to find inner node Pak for hierarchical cache Hierarchy.
[2019.01.09-15.23.37:318][  0]LogDerivedDataCache: FDerivedDataBackendGraph:  CompressedPak pak cache file ../../../../../../temp_t013077h/PaperCut/DerivedDataCache/Compressed.ddp not found, will not use a pak cache.
[2019.01.09-15.23.37:318][  0]LogDerivedDataCache: Unable to find inner node CompressedPak for hierarchical cache Hierarchy.
[2019.01.09-15.23.37:362][  0]LogDerivedDataCache: Display: Pak cache opened for reading ../../../Engine/DerivedDataCache/Compressed.ddp.
[2019.01.09-15.23.37:375][  0]LogDerivedDataCache: Using Local data cache path C:/Users/t013077h/AppData/Local/UnrealEngine/Common/DerivedDataCache: Writable
[2019.01.09-15.23.37:375][  0]LogDerivedDataCache: Shared data cache path not found in *engine.ini, will not use an Shared cache.
[2019.01.09-15.23.37:375][  0]LogDerivedDataCache: Unable to find inner node Shared for hierarchical cache Hierarchy.
[2019.01.09-15.23.37:423][  0]LogMaterial: Verifying Global Shaders for PCD3D_SM5
[2019.01.09-15.23.37:424][  0]LogSlate: Using Freetype 2.6.0
[2019.01.09-15.23.37:510][  0]LogSlate: SlateFontCache - WITH_FREETYPE: 1, WITH_HARFBUZZ: 1
[2019.01.09-15.23.37:510][  0]LogSlate: SlateFontCache - WITH_FREETYPE: 1, WITH_HARFBUZZ: 1
[2019.01.09-15.23.48:836][  0]LogAssetRegistry: FAssetRegistry took 0.0383 seconds to start up
[2019.01.09-15.23.49:947][  0]LogInit: Selected Device Profile: [Windows]
[2019.01.09-15.23.52:315][  0]LogSimplygon: Simplygon DLL not present - disabling.
[2019.01.09-15.23.52:331][  0]LogMeshReduction: Using SimplygonSwarm for distributed automatic mesh merging
[2019.01.09-15.23.52:332][  0]LogMeshReduction: Using QuadricMeshReduction for automatic static mesh reduction
[2019.01.09-15.23.52:332][  0]LogMeshReduction: No automatic skeletal mesh reduction module available
[2019.01.09-15.23.52:332][  0]LogMeshReduction: No automatic mesh merging module available
[2019.01.09-15.23.52:332][  0]LogMeshMerging: No automatic mesh merging module available
[2019.01.09-15.23.52:694][  0]LogNetVersion: PaperCut , NetCL: 3944462, EngineNetVer: 2, GameNetVer: 0 (Checksum: 3628651850)
[2019.01.09-15.23.58:295][  0]LogPackageLocalizationCache: Processed 9 localized package path(s) for 2 prioritized culture(s) in 0.177497 seconds
[2019.01.09-15.23.58:302][  0]LogUObjectArray: 36728 objects as part of root set at end of initial load.
[2019.01.09-15.23.58:302][  0]LogUObjectAllocator: 7314304 out of 0 bytes used by permanent object pool.
[2019.01.09-15.23.58:302][  0]LogUObjectArray: CloseDisregardForGC: 0/0 objects in disregard for GC pool
[2019.01.09-15.24.13:406][  0]LogTcpMessaging: Initializing TcpMessaging bridge
[2019.01.09-15.24.13:517][  0]LogUdpMessaging: Initializing bridge on interface 0.0.0.0:0 to multicast group 230.0.0.1:6666.
[2019.01.09-15.24.15:032][  0]SourceControl: Source control is disabled
[2019.01.09-15.24.15:032][  0]SourceControl: Source control is disabled
[2019.01.09-15.24.15:094][  0]SourceControl: Source control is disabled
[2019.01.09-15.24.15:142][  0]SourceControl: Source control is disabled
[2019.01.09-15.24.16:974][  0]LogAndroidPermission: UAndroidPermissionCallbackProxy::GetInstance
[2019.01.09-15.24.17:361][  0]LogOcInput: OculusInput pre-init called
[2019.01.09-15.24.17:793][  0]LogEngine: Initializing Engine...
[2019.01.09-15.24.17:817][  0]LogHMD: Failed to initialize OpenVR with code 110
[2019.01.09-15.24.17:819][  0]LogStats: UGameplayTagsManager::ConstructGameplayTagTree: Construct from data asset -  0.000 s
[2019.01.09-15.24.17:819][  0]LogStats: UGameplayTagsManager::ConstructGameplayTagTree: GameplayTagTreeChangedEvent.Broadcast -  0.000 s
[2019.01.09-15.24.19:747][  0]LogAIModule: Creating AISystem for world Untitled
[2019.01.09-15.24.19:776][  0]LogInit: XAudio2 using 'Speakers (Realtek High Definition Audio)' : 2 channels at 48 kHz using 32 bits per sample (channel mask 0x3)
[2019.01.09-15.24.19:964][  0]LogInit: FAudioDevice initialized.
[2019.01.09-15.24.20:164][  0]LogDerivedDataCache: Saved boot cache 0.20s 74MB C:/Users/t013077h/AppData/Local/UnrealEngine/4.19/DerivedDataCache/Boot.ddc.
[2019.01.09-15.24.20:204][  0]LogInit: Texture streaming: Enabled
[2019.01.09-15.24.20:245][  0]LogEngineSessionManager: EngineSessionManager initialized
[2019.01.09-15.24.20:284][  0]LogInit: Transaction tracking system initialized
[2019.01.09-15.24.20:345][  0]BlueprintLog: New page: Editor Load
[2019.01.09-15.24.20:548][  0]LocalizationService: Localization service is disabled
[2019.01.09-15.24.20:967][  0]LogConsoleResponse: Display: 
[2019.01.09-15.24.24:458][  0]LogCook: Display: Max memory allowance for cook 16384mb min free memory 0mb
[2019.01.09-15.24.24:459][  0]LogCook: Display: Mobile HDR setting 1
[2019.01.09-15.24.24:459][  0]LogGameplayTags: Display: UGameplayTagsManager::DoneAddingNativeTags. DelegateIsBound: 0
[2019.01.09-15.24.24:459][  0]LogStats: UGameplayTagsManager::ConstructGameplayTagTree: Construct from data asset -  0.000 s
[2019.01.09-15.24.24:459][  0]LogStats: UGameplayTagsManager::ConstructGameplayTagTree: GameplayTagTreeChangedEvent.Broadcast -  0.000 s
[2019.01.09-15.24.25:764][  0]LogFileCache: Scanning file cache for directory 'C:/temp_t013077h/PaperCut/Content/' took 0.06s
[2019.01.09-15.24.27:140][  0]SourceControl: Source control is disabled
[2019.01.09-15.24.27:140][  0]Cmd: MAP LOAD FILE="../../../../../../temp_t013077h/PaperCut/Content/SideScrollerBP/Maps/SideScrollerExampleMap.umap" TEMPLATE=0 SHOWPROGRESS=1 FEATURELEVEL=3
[2019.01.09-15.24.27:141][  0]LightingResults: New page: Lighting Build
[2019.01.09-15.24.27:147][  0]MapCheck: New page: Map Check
[2019.01.09-15.24.27:147][  0]LightingResults: New page: Lighting Build
[2019.01.09-15.24.27:519][  0]LogUObjectGlobals: Created PersistentFrame Addr=0x0000022219bfe680, Size=64, Default__ThirdPerson_AnimBP_C Function /Game/Mannequin/Animations/ThirdPerson_AnimBP.ThirdPerson_AnimBP_C:ExecuteUbergraph_ThirdPerson_AnimBP
[2019.01.09-15.24.27:536][  0]LogUObjectGlobals: Destroyed PersistentFrame Addr=0x0000022219bfe680, Size=64
[2019.01.09-15.24.27:536][  0]LogUObjectGlobals: Created PersistentFrame Addr=0x0000022219bfe880, Size=64, Default__ThirdPerson_AnimBP_C Function /Engine/Transient.REINST_ThirdPerson_AnimBP_C_0:ExecuteUbergraph_ThirdPerson_AnimBP
[2019.01.09-15.24.27:549][  0]LogUObjectGlobals: Created PersistentFrame Addr=0x00000222198b21b0, Size=72, Default__ThirdPerson_AnimBP_C Function /Game/Mannequin/Animations/ThirdPerson_AnimBP.ThirdPerson_AnimBP_C:ExecuteUbergraph_ThirdPerson_AnimBP
[2019.01.09-15.24.28:133][  0]LogUObjectGlobals: Created PersistentFrame Addr=0x000002221987fdd0, Size=56, Default__SideScrollerCharacter_C Function /Game/SideScrollerBP/Blueprints/SideScrollerCharacter.SideScrollerCharacter_C:ExecuteUbergraph_SideScrollerCharacter
[2019.01.09-15.24.28:139][  0]LogUObjectGlobals: Destroyed PersistentFrame Addr=0x000002221987fdd0, Size=56
[2019.01.09-15.24.28:140][  0]LogUObjectGlobals: Created PersistentFrame Addr=0x000002221987fdd0, Size=56, Default__SideScrollerCharacter_C Function /Engine/Transient.REINST_SideScrollerCharacter_C_4:ExecuteUbergraph_SideScrollerCharacter
[2019.01.09-15.24.28:144][  0]LogUObjectGlobals: Created PersistentFrame Addr=0x000002221a483420, Size=160, Default__SideScrollerCharacter_C Function /Game/SideScrollerBP/Blueprints/SideScrollerCharacter.SideScrollerCharacter_C:ExecuteUbergraph_SideScrollerCharacter
[2019.01.09-15.24.28:802][  0]LogLinker: Warning: Can't find file '/Game/SideScrollerBP/Maps/SideScrollerExampleMap_BuiltData'
[2019.01.09-15.24.28:802][  0]LogLinker: Warning: Can't find file for asset '/Game/SideScrollerBP/Maps/SideScrollerExampleMap_BuiltData' while loading ../../../../../../temp_t013077h/PaperCut/Content/SideScrollerBP/Maps/SideScrollerExampleMap.umap.
[2019.01.09-15.24.28:803][  0]LoadErrors: Error: /Game/SideScrollerBP/Maps/SideScrollerExampleMap : Can't find file for asset. /Game/SideScrollerBP/Maps/SideScrollerExampleMap_BuiltData
[2019.01.09-15.24.28:876][  0]LogLinker: Warning: Can't find file '/Game/SideScrollerBP/Maps/SideScrollerExampleMap_BuiltData'
[2019.01.09-15.24.28:876][  0]LogLinker: Warning: Can't find file for asset '/Game/SideScrollerBP/Maps/SideScrollerExampleMap_BuiltData' while loading ../../../../../../temp_t013077h/PaperCut/Content/SideScrollerBP/Maps/SideScrollerExampleMap.umap.
[2019.01.09-15.24.28:876][  0]LoadErrors: Error: /Game/SideScrollerBP/Maps/SideScrollerExampleMap : Can't find file for asset. /Game/SideScrollerBP/Maps/SideScrollerExampleMap_BuiltData
[2019.01.09-15.24.28:880][  0]LogLinker: Warning: Can't find file '/Game/SideScrollerBP/Maps/SideScrollerExampleMap_BuiltData'
[2019.01.09-15.24.28:880][  0]LogLinker: Warning: Can't find file for asset '/Game/SideScrollerBP/Maps/SideScrollerExampleMap_BuiltData' while loading NULL.
[2019.01.09-15.24.28:880][  0]LogLinker: Warning: Can't find file '/Game/SideScrollerBP/Maps/SideScrollerExampleMap_BuiltData'
[2019.01.09-15.24.28:881][  0]LogLinker: Warning: Can't find file for asset '/Game/SideScrollerBP/Maps/SideScrollerExampleMap_BuiltData' while loading NULL.
[2019.01.09-15.24.28:961][  0]LogLinker: Warning: Can't find file '/Game/SideScrollerBP/Maps/SideScrollerExampleMap_BuiltData'
[2019.01.09-15.24.28:961][  0]LoadErrors: Failed to load /Game/SideScrollerBP/Maps/SideScrollerExampleMap_BuiltData.SideScrollerExampleMap_BuiltData Referenced by PersistentLevel
[2019.01.09-15.24.28:961][  0]LogLinker: Warning: Can't find file for asset '/Game/SideScrollerBP/Maps/SideScrollerExampleMap_BuiltData' while loading NULL.
[2019.01.09-15.24.28:961][  0]LoadErrors: Failed to load /Game/SideScrollerBP/Maps/SideScrollerExampleMap_BuiltData.SideScrollerExampleMap_BuiltData Referenced by PersistentLevel
[2019.01.09-15.24.29:249][  0]LogSkeletalMesh: Skeletal Mesh found in DDC [32.325172ms] /Game/Mannequin/Character/Mesh/SK_Mannequin.SK_Mannequin
[2019.01.09-15.24.29:686][  0]LogAIModule: Creating AISystem for world SideScrollerExampleMap
[2019.01.09-15.24.29:805][  0]LogEditorServer: Finished looking for orphan Actors (0.000 secs)
[2019.01.09-15.24.29:824][  0]LogUObjectGlobals: Destroyed PersistentFrame Addr=0x0000022219bfe880, Size=64
[2019.01.09-15.24.29:824][  0]LogUObjectGlobals: Destroyed PersistentFrame Addr=0x000002221987fdd0, Size=56
[2019.01.09-15.24.29:826][  0]Cmd: MAP CHECKDEP NOCLEARLOG
[2019.01.09-15.24.29:942][  0]MapCheck: Map check complete: 0 Error(s), 0 Warning(s), took 115.328ms to complete.
[2019.01.09-15.24.29:942][  0]LogFileHelpers: Loading map 'SideScrollerExampleMap' took 2.802
[2019.01.09-15.24.30:378][  0]LogCollectionManager: Loaded 0 collections in 0.009622 seconds
[2019.01.09-15.24.30:435][  0]LogFileCache: Scanning file cache for directory 'C:/temp_t013077h/PaperCut/Saved/Collections/' took 0.01s
[2019.01.09-15.24.30:435][  0]LogFileCache: Scanning file cache for directory 'C:/temp_t013077h/PaperCut/Content/Developers/t013077h/Collections/' took 0.01s
[2019.01.09-15.24.30:435][  0]LogFileCache: Scanning file cache for directory 'C:/temp_t013077h/PaperCut/Content/Collections/' took 0.01s
[2019.01.09-15.24.30:435][  0]LogCollectionManager: Rebuilt the GUID cache for 0 collections in 0.000001 seconds
[2019.01.09-15.24.30:451][  0]LogContentBrowser: Native class hierarchy populated in 0.0150 seconds. Added 2452 classes and 558 folders.
[2019.01.09-15.24.30:469][  0]LogContentBrowser: Native class hierarchy updated for 'WidgetCarousel' in 0.0003 seconds. Added 0 classes and 0 folders.
[2019.01.09-15.24.33:393][  0]LogContentBrowser: Native class hierarchy updated for 'AddContentDialog' in 0.0008 seconds. Added 0 classes and 0 folders.
[2019.01.09-15.24.33:413][  0]LogContentBrowser: Native class hierarchy updated for 'SceneOutliner' in 0.0004 seconds. Added 1 classes and 2 folders.
[2019.01.09-15.24.33:508][  0]LogSlate: Took 0.017846 seconds to synchronously load lazily loaded font '../../../Engine/Content/Slate/Fonts/Roboto-Regular.ttf' (155K)
[2019.01.09-15.24.33:544][  0]LogSlate: Took 0.034379 seconds to synchronously load lazily loaded font '../../../Engine/Content/Slate/Fonts/Roboto-Bold.ttf' (160K)
[2019.01.09-15.24.33:581][  0]LogSlate: Took 0.025324 seconds to synchronously load lazily loaded font '../../../Engine/Content/Editor/Slate/Fonts/FontAwesome.ttf' (139K)
[2019.01.09-15.24.34:157][  0]LogRenderer: Reallocating scene render targets to support 1208x576 Format 10 NumSamples 1 (Frame:1).
[2019.01.09-15.24.34:393][  0]LogSlate: FSceneViewport::OnFocusLost() reason 2
[2019.01.09-15.24.34:604][  0]LogSlate: Window 'Tutorials' being destroyed
[2019.01.09-15.24.34:670][  0]LogContentBrowser: Native class hierarchy updated for 'HierarchicalLODOutliner' in 0.0006 seconds. Added 0 classes and 0 folders.
[2019.01.09-15.24.34:670][  0]LogLoad: (Engine Initialization) Total time: 107.37 seconds
[2019.01.09-15.24.34:670][  0]LogLoad: (Engine Initialization) Total Blueprint compile time: 0.00 seconds
[2019.01.09-15.24.35:033][  0]LogContentStreaming: Texture pool size now 1000 MB
[2019.01.09-15.24.35:053][  0]LogSlate: FSceneViewport::OnFocusLost() reason 2
[2019.01.09-15.24.35:261][  0]LogSlate: Took 0.020495 seconds to synchronously load lazily loaded font '../../../Engine/Content/Slate/Fonts/Roboto-Light.ttf' (167K)
[2019.01.09-15.24.35:689][  2]LogAssetRegistry: Asset discovery search completed in 46.8763 seconds
[2019.01.09-15.24.35:693][  2]LogCollectionManager: Rebuilt the object cache for 0 collections in 0.000000 seconds (found 0 objects)
[2019.01.09-15.24.35:693][  2]LogCollectionManager: Fixed up redirectors for 0 collections in 0.000129 seconds (updated 0 objects)
[2019.01.09-15.24.40:007][ 15]LogSlate: Window 'Message Log' being destroyed
[2019.01.09-15.24.40:014][ 15]LogSlate: Window 'Message Log' being destroyed
[2019.01.09-15.24.41:480][164]LogSlate: FSceneViewport::OnFocusLost() reason 0
[2019.01.09-15.25.07:248][744]LogSlate: Only BGRA pngs, bmps or icos are supported in by External Image Picker
[2019.01.09-15.25.07:418][745]LogTemp: Executing iPhonePackager certificates Engine -bundlename com.YourCompany.PaperCut
[2019.01.09-15.25.07:418][745]LogTemp: CWD: C:\Epic\UE4\UE_4.19\Engine\Binaries\DotNET\IOS
[2019.01.09-15.25.07:418][745]LogTemp: Initial Dir: C:\Epic\UE4\UE_4.19
[2019.01.09-15.25.07:419][745]LogTemp: Env CWD: C:\Epic\UE4\UE_4.19\Engine\Binaries\DotNET\IOS
[2019.01.09-15.25.07:419][745]LogTemp: BranchPath = C108-04/C/Epic/UE4/UE_4.19/Engine/Binaries --- GameBranchPath = C108-04/C/Epic/UE4/UE_4.19/Engine/Binaries
[2019.01.09-15.25.07:419][745]LogTemp: IPP ERROR: Could not find provision directory 'C:\Users\t013077h\AppData\Local/Apple Computer/MobileDevice/Provisioning Profiles/'.
[2019.01.09-15.25.09:297][876]LogSlate: Window 'Project Settings' being destroyed
[2019.01.09-15.30.09:216][ 64]LogSlate: Window 'PaperCut - Unreal Editor' being destroyed
[2019.01.09-15.30.09:220][ 64]LogWindowsTextInputMethodSystem: Display: IME system now deactivated.
[2019.01.09-15.30.09:940][ 65]Cmd: QUIT_EDITOR
[2019.01.09-15.30.10:321][ 65]LogSlate: Slate User Destroyed.  User Index 0, Is Virtual User: 0
[2019.01.09-15.30.10:333][ 65]LogExit: Preparing to exit.
[2019.01.09-15.30.11:667][ 65]LogDirectoryWatcher: A directory notification for 'C:/temp_t013077h/PaperCut/Content/' was aborted.
[2019.01.09-15.30.12:432][ 65]LogExit: Editor shut down
[2019.01.09-15.30.12:443][ 65]LogExit: Transaction tracking system shut down
[2019.01.09-15.30.12:444][ 65]LogUObjectGlobals: Destroyed PersistentFrame Addr=0x00000222198b21b0, Size=72
[2019.01.09-15.30.12:444][ 65]LogUObjectGlobals: Destroyed PersistentFrame Addr=0x000002221a483420, Size=160
[2019.01.09-15.30.12:589][ 65]LogDirectoryWatcher: A directory notification for '../../../Engine/Content/' was aborted.
[2019.01.09-15.30.12:589][ 65]LogDirectoryWatcher: A directory notification for '../../../../../../temp_t013077h/PaperCut/Content/' was aborted.
[2019.01.09-15.30.12:589][ 65]LogDirectoryWatcher: A directory notification for '../../Plugins/2D/Paper2D/Content/' was aborted.
[2019.01.09-15.30.12:589][ 65]LogDirectoryWatcher: A directory notification for '../../Plugins/Enterprise/DatasmithContent/Content/' was aborted.
[2019.01.09-15.30.12:590][ 65]LogDirectoryWatcher: A directory notification for '../../Plugins/Media/MediaCompositing/Content/' was aborted.
[2019.01.09-15.30.12:590][ 65]LogDirectoryWatcher: A directory notification for '../../Plugins/Runtime/AppleARKit/Content/' was aborted.
[2019.01.09-15.30.12:590][ 65]LogDirectoryWatcher: A directory notification for '../../Plugins/Runtime/Oculus/OculusVR/Content/' was aborted.
[2019.01.09-15.30.12:590][ 65]LogDirectoryWatcher: A directory notification for '../../Plugins/Runtime/Steam/SteamVR/Content/' was aborted.
[2019.01.09-15.30.14:561][ 65]LogExit: Object subsystem successfully closed.
[2019.01.09-15.30.14:901][ 65]LogShaderCompilers: Display: Shaders left to compile 0
[2019.01.09-15.30.14:907][ 65]LogD3D11RHI: Shutdown
[2019.01.09-15.30.14:907][ 65]LogD3D11RHI: CleanupD3DDevice
[2019.01.09-15.30.14:935][ 65]LogD3D11RHI: ~FD3D11DynamicRHI
[2019.01.09-15.30.15:923][ 65]LogModuleManager: Shutting down and abandoning module ExternalImagePicker (576)
[2019.01.09-15.30.15:923][ 65]LogModuleManager: Shutting down and abandoning module HierarchicalLODOutliner (574)
[2019.01.09-15.30.15:923][ 65]LogModuleManager: Shutting down and abandoning module SceneOutliner (572)
[2019.01.09-15.30.15:937][ 65]LogModuleManager: Shutting down and abandoning module AddContentDialog (570)
[2019.01.09-15.30.15:958][ 65]LogDirectoryWatcher: A directory notification for 'C:/Epic/UE4/UE_4.19/FeaturePacks/' was aborted.
[2019.01.09-15.30.15:962][ 65]LogModuleManager: Shutting down and abandoning module WidgetCarousel (569)
[2019.01.09-15.30.15:962][ 65]LogModuleManager: Shutting down and abandoning module EditorWidgets (566)
[2019.01.09-15.30.15:962][ 65]LogModuleManager: Shutting down and abandoning module CollectionManager (564)
[2019.01.09-15.30.15:972][ 65]LogDirectoryWatcher: A directory notification for 'C:/temp_t013077h/PaperCut/Content/Collections/' was aborted.
[2019.01.09-15.30.15:972][ 65]LogDirectoryWatcher: A directory notification for 'C:/temp_t013077h/PaperCut/Content/Developers/t013077h/Collections/' was aborted.
[2019.01.09-15.30.15:972][ 65]LogDirectoryWatcher: A directory notification for 'C:/temp_t013077h/PaperCut/Saved/Collections/' was aborted.
[2019.01.09-15.30.15:972][ 65]LogModuleManager: Shutting down and abandoning module StatsViewer (562)
[2019.01.09-15.30.15:985][ 65]LogModuleManager: Shutting down and abandoning module FoliageEdit (560)
[2019.01.09-15.30.15:985][ 65]LogModuleManager: Shutting down and abandoning module LandscapeEditor (558)
[2019.01.09-15.30.16:008][ 65]LogModuleManager: Shutting down and abandoning module MeshPaintMode (556)
[2019.01.09-15.30.16:016][ 65]LogModuleManager: Shutting down and abandoning module SceneDepthPickerMode (554)
[2019.01.09-15.30.16:016][ 65]LogModuleManager: Shutting down and abandoning module ActorPickerMode (552)
[2019.01.09-15.30.16:016][ 65]LogModuleManager: Shutting down and abandoning module GeometryMode (550)
[2019.01.09-15.30.16:024][ 65]LogModuleManager: Shutting down and abandoning module TextureAlignMode (548)
[2019.01.09-15.30.16:024][ 65]LogModuleManager: Shutting down and abandoning module BspMode (546)
[2019.01.09-15.30.16:024][ 65]LogModuleManager: Shutting down and abandoning module PIEPreviewDeviceProfileSelector (544)
[2019.01.09-15.30.16:024][ 65]LogModuleManager: Shutting down and abandoning module HardwareSurvey (542)
[2019.01.09-15.30.16:024][ 65]LogModuleManager: Shutting down and abandoning module SequenceRecorderSections (540)
[2019.01.09-15.30.16:027][ 65]LogModuleManager: Shutting down and abandoning module AutomationWorker (538)
[2019.01.09-15.30.16:027][ 65]LogModuleManager: Shutting down and abandoning module AudioCaptureEditor (536)
[2019.01.09-15.30.16:027][ 65]LogModuleManager: Shutting down and abandoning module SequenceRecorder (535)
[2019.01.09-15.30.16:033][ 65]LogModuleManager: Shutting down and abandoning module MatineeToLevelSequence (532)
[2019.01.09-15.30.16:040][ 65]LogModuleManager: Shutting down and abandoning module LevelSequenceEditor (530)
[2019.01.09-15.30.16:059][ 65]LogModuleManager: Shutting down and abandoning module PlacementMode (529)
[2019.01.09-15.30.16:059][ 65]LogModuleManager: Shutting down and abandoning module MaterialEditor (528)
[2019.01.09-15.30.16:125][ 65]LogModuleManager: Shutting down and abandoning module WmfMediaFactory (524)
[2019.01.09-15.30.16:125][ 65]LogModuleManager: Shutting down and abandoning module WmfMediaEditor (522)
[2019.01.09-15.30.16:125][ 65]LogModuleManager: Shutting down and abandoning module MediaPlayerEditor (520)
[2019.01.09-15.30.16:151][ 65]LogModuleManager: Shutting down and abandoning module OpenExrWrapper (518)
[2019.01.09-15.30.16:151][ 65]LogModuleManager: Shutting down and abandoning module ImgMediaFactory (516)
[2019.01.09-15.30.16:152][ 65]LogModuleManager: Shutting down and abandoning module ImgMediaEditor (514)
[2019.01.09-15.30.16:152][ 65]LogModuleManager: Shutting down and abandoning module AvfMediaFactory (512)
[2019.01.09-15.30.16:152][ 65]LogModuleManager: Shutting down and abandoning module AvfMediaEditor (510)
[2019.01.09-15.30.16:152][ 65]LogModuleManager: Shutting down and abandoning module AndroidMediaFactory (508)
[2019.01.09-15.30.16:152][ 65]LogModuleManager: Shutting down and abandoning module AndroidMediaEditor (506)
[2019.01.09-15.30.16:152][ 65]LogModuleManager: Shutting down and abandoning module CharacterAI (504)
[2019.01.09-15.30.16:152][ 65]LogModuleManager: Shutting down and abandoning module SmartSnapping (502)
[2019.01.09-15.30.16:152][ 65]LogModuleManager: Shutting down and abandoning module SessionServices (500)
[2019.01.09-15.30.16:152][ 65]LogModuleManager: Shutting down and abandoning module ViewportSnapping (498)
[2019.01.09-15.30.16:152][ 65]LogModuleManager: Shutting down and abandoning module ViewportInteraction (496)
[2019.01.09-15.30.16:152][ 65]LogModuleManager: Shutting down and abandoning module ClothPainter (494)
[2019.01.09-15.30.16:173][ 65]LogModuleManager: Shutting down and abandoning module SkeletalMeshEditor (493)
[2019.01.09-15.30.16:180][ 65]LogModuleManager: Shutting down and abandoning module LogVisualizer (490)
[2019.01.09-15.30.16:196][ 65]LogModuleManager: Shutting down and abandoning module IntroTutorials (488)
[2019.01.09-15.30.16:205][ 65]LogModuleManager: Shutting down and abandoning module GameProjectGeneration (487)
[2019.01.09-15.30.16:205][ 65]LogModuleManager: Shutting down and abandoning module IOSPlatformEditor (484)
[2019.01.09-15.30.16:205][ 65]LogModuleManager: Shutting down and abandoning module HTML5PlatformEditor (482)
[2019.01.09-15.30.16:205][ 65]LogModuleManager: Shutting down and abandoning module AndroidPlatformEditor (480)
[2019.01.09-15.30.16:205][ 65]LogModuleManager: Shutting down and abandoning module AndroidDeviceDetection (479)
[2019.01.09-15.30.16:941][ 65]LogModuleManager: Shutting down and abandoning module WindowsPlatformEditor (476)
[2019.01.09-15.30.16:941][ 65]LogModuleManager: Shutting down and abandoning module IOSRuntimeSettings (474)
[2019.01.09-15.30.16:941][ 65]LogModuleManager: Shutting down and abandoning module AndroidRuntimeSettings (472)
[2019.01.09-15.30.16:941][ 65]LogModuleManager: Shutting down and abandoning module InputBindingEditor (470)
[2019.01.09-15.30.16:956][ 65]LogModuleManager: Shutting down and abandoning module MergeActors (468)
[2019.01.09-15.30.16:961][ 65]LogModuleManager: Shutting down and abandoning module LocalizationDashboard (466)
[2019.01.09-15.30.16:966][ 65]LogModuleManager: Shutting down and abandoning module LocalizationService (465)
[2019.01.09-15.30.16:973][ 65]LogModuleManager: Shutting down and abandoning module HardwareTargeting (462)
[2019.01.09-15.30.16:973][ 65]LogModuleManager: Shutting down and abandoning module DeviceProfileEditor (460)
[2019.01.09-15.30.16:977][ 65]LogModuleManager: Shutting down and abandoning module UndoHistory (458)
[2019.01.09-15.30.16:977][ 65]LogModuleManager: Shutting down and abandoning module XmlParser (456)
[2019.01.09-15.30.16:986][ 65]LogModuleManager: Shutting down and abandoning module Blutility (454)
[2019.01.09-15.30.16:986][ 65]LogModuleManager: Shutting down and abandoning module ProjectSettingsViewer (452)
[2019.01.09-15.30.16:986][ 65]LogModuleManager: Shutting down and abandoning module ProjectTargetPlatformEditor (451)
[2019.01.09-15.30.16:987][ 65]LogModuleManager: Shutting down and abandoning module EditorSettingsViewer (448)
[2019.01.09-15.30.16:987][ 65]LogModuleManager: Shutting down and abandoning module SettingsEditor (446)
[2019.01.09-15.30.17:000][ 65]LogModuleManager: Shutting down and abandoning module ProjectLauncher (444)
[2019.01.09-15.30.17:005][ 65]LogModuleManager: Shutting down and abandoning module SessionFrontend (442)
[2019.01.09-15.30.17:008][ 65]LogModuleManager: Shutting down and abandoning module ProfilerClient (440)
[2019.01.09-15.30.17:015][ 65]LogModuleManager: Shutting down and abandoning module DeviceManager (438)
[2019.01.09-15.30.17:020][ 65]LogModuleManager: Shutting down and abandoning module TargetDeviceServices (437)
[2019.01.09-15.30.17:096][ 65]LogModuleManager: Shutting down and abandoning module AutomationController (434)
[2019.01.09-15.30.17:104][ 65]LogModuleManager: Shutting down and abandoning module AutomationWindow (432)
[2019.01.09-15.30.17:119][ 65]LogModuleManager: Shutting down and abandoning module Layers (430)
[2019.01.09-15.30.17:132][ 65]LogModuleManager: Shutting down and abandoning module ComponentVisualizers (428)
[2019.01.09-15.30.17:132][ 65]LogModuleManager: Shutting down and abandoning module DetailCustomizations (426)
[2019.01.09-15.30.17:135][ 65]LogModuleManager: Shutting down and abandoning module PackagesDialog (424)
[2019.01.09-15.30.17:137][ 65]LogModuleManager: Shutting down and abandoning module Persona (422)
[2019.01.09-15.30.17:167][ 65]LogModuleManager: Shutting down and abandoning module AdvancedPreviewScene (421)
[2019.01.09-15.30.17:167][ 65]LogModuleManager: Shutting down and abandoning module AnimGraph (419)
[2019.01.09-15.30.17:167][ 65]LogModuleManager: Shutting down and abandoning module Kismet (416)
[2019.01.09-15.30.17:174][ 65]LogModuleManager: Shutting down and abandoning module GraphEditor (414)
[2019.01.09-15.30.17:199][ 65]LogModuleManager: Shutting down and abandoning module ClassViewer (412)
[2019.01.09-15.30.17:200][ 65]LogModuleManager: Shutting down and abandoning module Toolbox (410)
[2019.01.09-15.30.17:200][ 65]LogModuleManager: Shutting down and abandoning module ModuleUI (408)
[2019.01.09-15.30.17:209][ 65]LogModuleManager: Shutting down and abandoning module MovieSceneTools (406)
[2019.01.09-15.30.17:216][ 65]LogModuleManager: Shutting down and abandoning module OutputLog (404)
[2019.01.09-15.30.17:219][ 65]LogModuleManager: Shutting down and abandoning module GammaUI (402)
[2019.01.09-15.30.17:227][ 65]LogModuleManager: Shutting down and abandoning module Documentation (400)
[2019.01.09-15.30.17:227][ 65]LogModuleManager: Shutting down and abandoning module MovieSceneTracks (398)
[2019.01.09-15.30.17:227][ 65]LogModuleManager: Shutting down and abandoning module MovieScene (396)
[2019.01.09-15.30.17:227][ 65]LogModuleManager: Shutting down and abandoning module StreamingPauseRendering (394)
[2019.01.09-15.30.17:227][ 65]LogModuleManager: Shutting down and abandoning module LauncherPlatform (392)
[2019.01.09-15.30.17:227][ 65]LogModuleManager: Shutting down and abandoning module AnalyticsET (390)
[2019.01.09-15.30.17:227][ 65]LogModuleManager: Shutting down and abandoning module PortalServices (388)
[2019.01.09-15.30.17:227][ 65]LogModuleManager: Shutting down and abandoning module PortalRpc (386)
[2019.01.09-15.30.17:227][ 65]LogModuleManager: Shutting down and abandoning module MessagingRpc (384)
[2019.01.09-15.30.17:227][ 65]LogModuleManager: Shutting down and abandoning module AIModule (382)
[2019.01.09-15.30.17:236][ 65]LogModuleManager: Shutting down and abandoning module GameplayDebugger (381)
[2019.01.09-15.30.17:237][ 65]LogModuleManager: Shutting down and abandoning module AITestSuite (379)
[2019.01.09-15.30.17:239][ 65]LogModuleManager: Shutting down and abandoning module DesktopPlatform (376)
[2019.01.09-15.30.17:241][ 65]LogModuleManager: Shutting down and abandoning module ProfilerService (374)
[2019.01.09-15.30.17:449][ 65]LogModuleManager: Shutting down and abandoning module TaskGraph (372)
[2019.01.09-15.30.17:452][ 65]LogModuleManager: Shutting down and abandoning module SteamVRController (370)
[2019.01.09-15.30.17:452][ 65]LogModuleManager: Shutting down and abandoning module ProceduralMeshComponentEditor (368)
[2019.01.09-15.30.17:452][ 65]LogModuleManager: Shutting down and abandoning module ProceduralMeshComponent (366)
[2019.01.09-15.30.17:465][ 65]LogModuleManager: Shutting down and abandoning module OculusInput (364)
[2019.01.09-15.30.17:472][ 65]LogModuleManager: Shutting down and abandoning module MobilePatchingUtils (362)
[2019.01.09-15.30.17:472][ 65]LogModuleManager: Shutting down and abandoning module CustomMeshComponent (360)
[2019.01.09-15.30.17:472][ 65]LogModuleManager: Shutting down and abandoning module CableComponent (358)
[2019.01.09-15.30.17:474][ 65]LogModuleManager: Shutting down and abandoning module AudioCapture (356)
[2019.01.09-15.30.17:474][ 65]LogModuleManager: Shutting down and abandoning module ArchVisCharacter (354)
[2019.01.09-15.30.17:474][ 65]LogModuleManager: Shutting down and abandoning module AndroidPermission (352)
[2019.01.09-15.30.17:475][ 65]LogModuleManager: Shutting down and abandoning module NUTUnrealEngine4 (348)
[2019.01.09-15.30.17:475][ 65]LogModuleManager: Shutting down and abandoning module NetcodeUnitTest (346)
[2019.01.09-15.30.17:491][ 65]LogModuleManager: Shutting down and abandoning module MediaCompositingEditor (344)
[2019.01.09-15.30.17:491][ 65]LogModuleManager: Shutting down and abandoning module MediaCompositing (342)
[2019.01.09-15.30.17:491][ 65]LogModuleManager: Shutting down and abandoning module LinearTimecode (340)
[2019.01.09-15.30.17:491][ 65]LogModuleManager: Shutting down and abandoning module ImgMedia (338)
[2019.01.09-15.30.17:503][ 65]LogModuleManager: Shutting down and abandoning module HTML5Networking (336)
[2019.01.09-15.30.17:503][ 65]LogModuleManager: Shutting down and abandoning module AlembicImporter (334)
[2019.01.09-15.30.17:510][ 65]LogModuleManager: Shutting down and abandoning module AlembicLibrary (333)
[2019.01.09-15.30.17:510][ 65]LogModuleManager: Shutting down and abandoning module GeometryCache (332)
[2019.01.09-15.30.17:510][ 65]LogModuleManager: Shutting down and abandoning module GeometryCacheEd (331)
[2019.01.09-15.30.17:510][ 65]LogModuleManager: Shutting down and abandoning module DatasmithContent (326)
[2019.01.09-15.30.17:510][ 65]LogModuleManager: Shutting down and abandoning module SpeedTreeImporter (324)
[2019.01.09-15.30.17:510][ 65]LogModuleManager: Shutting down and abandoning module PluginBrowser (322)
[2019.01.09-15.30.17:530][ 65]LogModuleManager: Shutting down and abandoning module MobileLauncherProfileWizard (320)
[2019.01.09-15.30.17:531][ 65]LogModuleManager: Shutting down and abandoning module CryptoKeysOpenSSL (318)
[2019.01.09-15.30.17:534][ 65]LogModuleManager: Shutting down and abandoning module CryptoKeys (316)
[2019.01.09-15.30.17:534][ 65]LogModuleManager: Shutting down and abandoning module VisualStudioSourceCodeAccess (314)
[2019.01.09-15.30.17:535][ 65]LogModuleManager: Shutting down and abandoning module VisualStudioCodeSourceCodeAccess (312)
[2019.01.09-15.30.17:535][ 65]LogModuleManager: Shutting down and abandoning module UObjectPlugin (310)
[2019.01.09-15.30.17:535][ 65]LogModuleManager: Shutting down and abandoning module SubversionSourceControl (308)
[2019.01.09-15.30.17:541][ 65]LogModuleManager: Shutting down and abandoning module PerforceSourceControl (306)
[2019.01.09-15.30.17:551][ 65]LogModuleManager: Shutting down and abandoning module GitSourceControl (304)
[2019.01.09-15.30.17:558][ 65]LogModuleManager: Shutting down and abandoning module SourceControl (303)
[2019.01.09-15.30.17:579][ 65]LogModuleManager: Shutting down and abandoning module CLionSourceCodeAccess (300)
[2019.01.09-15.30.17:580][ 65]LogModuleManager: Shutting down and abandoning module LightPropagationVolumeEditor (298)
[2019.01.09-15.30.17:580][ 65]LogModuleManager: Shutting down and abandoning module PaperTiledImporter (296)
[2019.01.09-15.30.17:580][ 65]LogModuleManager: Shutting down and abandoning module PaperSpriteSheetImporter (294)
[2019.01.09-15.30.17:580][ 65]LogModuleManager: Shutting down and abandoning module Paper2DEditor (292)
[2019.01.09-15.30.17:592][ 65]LogModuleManager: Shutting down and abandoning module MeshPaint (291)
[2019.01.09-15.30.17:595][ 65]LogModuleManager: Shutting down and abandoning module RuntimePhysXCooking (288)
[2019.01.09-15.30.17:595][ 65]LogModuleManager: Shutting down and abandoning module PhysXVehiclesEditor (286)
[2019.01.09-15.30.17:596][ 65]LogModuleManager: Shutting down and abandoning module PhysXVehicles (284)
[2019.01.09-15.30.17:596][ 65]LogModuleManager: Shutting down and abandoning module OculusEditor (282)
[2019.01.09-15.30.17:596][ 65]LogModuleManager: Shutting down and abandoning module LocationServicesBPLibrary (280)
[2019.01.09-15.30.17:596][ 65]LogModuleManager: Shutting down and abandoning module ImmediatePhysicsEditor (278)
[2019.01.09-15.30.17:596][ 65]LogModuleManager: Shutting down and abandoning module ImmediatePhysics (276)
[2019.01.09-15.30.17:600][ 65]LogModuleManager: Shutting down and abandoning module ActorSequence (274)
[2019.01.09-15.30.17:600][ 65]LogModuleManager: Shutting down and abandoning module UdpMessaging (272)
[2019.01.09-15.30.17:738][ 65]LogModuleManager: Shutting down and abandoning module TcpMessaging (270)
[2019.01.09-15.30.17:848][ 65]LogModuleManager: Shutting down and abandoning module GameplayTagsEditor (268)
[2019.01.09-15.30.17:860][ 65]LogModuleManager: Shutting down and abandoning module FacialAnimationEditor (266)
[2019.01.09-15.30.17:860][ 65]LogModuleManager: Shutting down and abandoning module FacialAnimation (264)
[2019.01.09-15.30.17:860][ 65]LogModuleManager: Shutting down and abandoning module DataValidation (262)
[2019.01.09-15.30.17:868][ 65]LogModuleManager: Shutting down and abandoning module AssetManagerEditor (260)
[2019.01.09-15.30.17:882][ 65]LogModuleManager: Shutting down and abandoning module LevelEditor (259)
[2019.01.09-15.30.17:911][ 65]LogModuleManager: Shutting down and abandoning module PixelInspectorModule (258)
[2019.01.09-15.30.17:966][ 65]LogModuleManager: Shutting down and abandoning module CommonMenuExtensions (256)
[2019.01.09-15.30.17:967][ 65]LogModuleManager: Shutting down and abandoning module MainFrame (254)
[2019.01.09-15.30.17:967][ 65]LogModuleManager: Shutting down and abandoning module HotReload (253)
[2019.01.09-15.30.17:979][ 65]LogModuleManager: Shutting down and abandoning module ContentBrowser (249)
[2019.01.09-15.30.17:981][ 65]LogModuleManager: Shutting down and abandoning module TreeMap (247)
[2019.01.09-15.30.17:997][ 65]LogModuleManager: Shutting down and abandoning module LightPropagationVolumeRuntime (244)
[2019.01.09-15.30.17:998][ 65]LogModuleManager: Shutting down and abandoning module LiveLinkEditor (242)
[2019.01.09-15.30.18:019][ 65]LogModuleManager: Shutting down and abandoning module LiveLink (240)
[2019.01.09-15.30.18:547][ 65]LogModuleManager: Shutting down and abandoning module Paper2D (238)
[2019.01.09-15.30.18:560][ 65]LogModuleManager: Shutting down and abandoning module WindowsMoviePlayer (236)
[2019.01.09-15.30.18:567][ 65]LogModuleManager: Shutting down and abandoning module WmfMedia (234)
[2019.01.09-15.30.18:575][ 65]LogModuleManager: Shutting down and abandoning module Media (233)
[2019.01.09-15.30.18:582][ 65]LogModuleManager: Shutting down and abandoning module PacketHandler (230)
[2019.01.09-15.30.18:582][ 65]LogModuleManager: Shutting down and abandoning module ClothingSystemEditor (228)
[2019.01.09-15.30.18:582][ 65]LogModuleManager: Shutting down and abandoning module ClothingSystemRuntime (226)
[2019.01.09-15.30.18:591][ 65]LogModuleManager: Shutting down and abandoning module MediaAssets (224)
[2019.01.09-15.30.18:591][ 65]LogModuleManager: Shutting down and abandoning module Overlay (222)
[2019.01.09-15.30.18:591][ 65]LogModuleManager: Shutting down and abandoning module OverlayEditor (221)
[2019.01.09-15.30.18:591][ 65]LogModuleManager: Shutting down and abandoning module VREditor (218)
[2019.01.09-15.30.18:606][ 65]LogModuleManager: Shutting down and abandoning module StringTableEditor (216)
[2019.01.09-15.30.18:606][ 65]LogModuleManager: Shutting down and abandoning module GameplayTasksEditor (214)
[2019.01.09-15.30.18:606][ 65]LogModuleManager: Shutting down and abandoning module BehaviorTreeEditor (212)
[2019.01.09-15.30.18:632][ 65]LogModuleManager: Shutting down and abandoning module FunctionalTesting (210)
[2019.01.09-15.30.18:638][ 65]LogModuleManager: Shutting down and abandoning module CollisionAnalyzer (208)
[2019.01.09-15.30.18:651][ 65]LogModuleManager: Shutting down and abandoning module WorkspaceMenuStructure (207)
[2019.01.09-15.30.18:651][ 65]LogModuleManager: Shutting down and abandoning module UMG (204)
[2019.01.09-15.30.18:671][ 65]LogModuleManager: Shutting down and abandoning module UMGEditor (203)
[2019.01.09-15.30.18:701][ 65]LogModuleManager: Shutting down and abandoning module Sequencer (202)
[2019.01.09-15.30.18:721][ 65]LogModuleManager: Shutting down and abandoning module MessageLog (199)
[2019.01.09-15.30.18:721][ 65]LogModuleManager: Shutting down and abandoning module SlateReflector (194)
[2019.01.09-15.30.18:745][ 65]LogModuleManager: Shutting down and abandoning module Slate (192)
[2019.01.09-15.30.18:745][ 65]LogModuleManager: Shutting down and abandoning module EditorStyle (190)
[2019.01.09-15.30.18:750][ 65]LogModuleManager: Shutting down and abandoning module MRMesh (188)
[2019.01.09-15.30.18:750][ 65]LogModuleManager: Shutting down and abandoning module SourceCodeAccess (186)
[2019.01.09-15.30.18:750][ 65]LogModuleManager: Shutting down and abandoning module HeadMountedDisplay (184)
[2019.01.09-15.30.18:750][ 65]LogModuleManager: Shutting down and abandoning module XAudio2 (182)
[2019.01.09-15.30.18:750][ 65]LogModuleManager: Shutting down and abandoning module Networking (180)
[2019.01.09-15.30.18:750][ 65]LogModuleManager: Shutting down and abandoning module Core (178)
[2019.01.09-15.30.18:750][ 65]LogModuleManager: Shutting down and abandoning module LevelSequence (176)
[2019.01.09-15.30.18:758][ 65]LogModuleManager: Shutting down and abandoning module KismetCompiler (174)
[2019.01.09-15.30.18:758][ 65]LogModuleManager: Shutting down and abandoning module MeshUtilities (172)
[2019.01.09-15.30.18:772][ 65]LogModuleManager: Shutting down and abandoning module MeshMergeUtilities (171)
[2019.01.09-15.30.18:772][ 65]LogModuleManager: Shutting down and abandoning module MeshReductionInterface (170)
[2019.01.09-15.30.18:772][ 65]LogModuleManager: Shutting down and abandoning module SimplygonSwarm (169)
[2019.01.09-15.30.18:780][ 65]LogModuleManager: Shutting down and abandoning module SimplygonMeshReduction (167)
[2019.01.09-15.30.18:783][ 65]LogModuleManager: Shutting down and abandoning module QuadricMeshReduction (165)
[2019.01.09-15.30.18:787][ 65]LogModuleManager: Shutting down and abandoning module MaterialBaking (161)
[2019.01.09-15.30.18:790][ 65]LogModuleManager: Shutting down and abandoning module DirectoryWatcher (157)
[2019.01.09-15.30.18:793][ 65]LogModuleManager: Shutting down and abandoning module DerivedDataCache (154)
[2019.01.09-15.30.18:797][ 65]LogDerivedDataCache: Shutdown
[2019.01.09-15.30.18:797][ 65]LogModuleManager: Shutting down and abandoning module XGEController (152)
[2019.01.09-15.30.18:797][ 65]LogXGEController: Cleaning working directory: C:/Users/t013077h/AppData/Local/Temp/UnrealXGEWorkingDir/
[2019.01.09-15.30.18:799][ 65]LogModuleManager: Shutting down and abandoning module TargetPlatform (150)
[2019.01.09-15.30.18:799][ 65]LogModuleManager: Shutting down and abandoning module VulkanShaderFormat (149)
[2019.01.09-15.30.18:808][ 65]LogModuleManager: Shutting down and abandoning module ShaderFormatVectorVM (147)
[2019.01.09-15.30.18:819][ 65]LogModuleManager: Shutting down and abandoning module ShaderFormatOpenGL (145)
[2019.01.09-15.30.18:822][ 65]LogModuleManager: Shutting down and abandoning module ShaderFormatD3D (143)
[2019.01.09-15.30.18:828][ 65]LogModuleManager: Shutting down and abandoning module MetalShaderFormat (141)
[2019.01.09-15.30.18:842][ 65]LogModuleManager: Shutting down and abandoning module TextureFormatUncompressed (139)
[2019.01.09-15.30.18:842][ 65]LogModuleManager: Shutting down and abandoning module TextureFormatPVR (137)
[2019.01.09-15.30.18:842][ 65]LogModuleManager: Shutting down and abandoning module TextureFormatDXT (135)
[2019.01.09-15.30.18:854][ 65]LogModuleManager: Shutting down and abandoning module TextureFormatIntelISPCTexComp (133)
[2019.01.09-15.30.18:855][ 65]LogModuleManager: Shutting down and abandoning module TextureFormatASTC (131)
[2019.01.09-15.30.18:855][ 65]LogModuleManager: Shutting down and abandoning module ImageWrapper (130)
[2019.01.09-15.30.18:855][ 65]LogModuleManager: Shutting down and abandoning module TextureFormatAndroid (127)
[2019.01.09-15.30.18:855][ 65]LogModuleManager: Shutting down and abandoning module AudioFormatOpus (125)
[2019.01.09-15.30.18:855][ 65]LogModuleManager: Shutting down and abandoning module AudioFormatOgg (123)
[2019.01.09-15.30.18:855][ 65]LogModuleManager: Shutting down and abandoning module AudioFormatADPCM (121)
[2019.01.09-15.30.18:855][ 65]LogModuleManager: Shutting down and abandoning module LinuxTargetPlatform (119)
[2019.01.09-15.30.18:855][ 65]LogModuleManager: Shutting down and abandoning module LinuxServerTargetPlatform (117)
[2019.01.09-15.30.18:856][ 65]LogModuleManager: Shutting down and abandoning module LinuxNoEditorTargetPlatform (115)
[2019.01.09-15.30.18:856][ 65]LogModuleManager: Shutting down and abandoning module LinuxClientTargetPlatform (113)
[2019.01.09-15.30.18:856][ 65]LogModuleManager: Shutting down and abandoning module TVOSTargetPlatform (111)
[2019.01.09-15.30.18:856][ 65]LogModuleManager: Shutting down and abandoning module Messaging (109)
[2019.01.09-15.30.18:856][ 65]LogModuleManager: Shutting down and abandoning module IOSTargetPlatform (107)
[2019.01.09-15.30.18:856][ 65]LogModuleManager: Shutting down and abandoning module HTML5TargetPlatform (105)
[2019.01.09-15.30.18:856][ 65]LogModuleManager: Shutting down and abandoning module AndroidTargetPlatform (103)
[2019.01.09-15.30.18:856][ 65]LogModuleManager: Shutting down and abandoning module Android_PVRTCTargetPlatform (101)
[2019.01.09-15.30.18:856][ 65]LogModuleManager: Shutting down and abandoning module Android_MultiTargetPlatform (99)
[2019.01.09-15.30.18:856][ 65]LogModuleManager: Shutting down and abandoning module Android_ETC2TargetPlatform (97)
[2019.01.09-15.30.18:856][ 65]LogModuleManager: Shutting down and abandoning module Android_ETC1TargetPlatform (95)
[2019.01.09-15.30.18:856][ 65]LogModuleManager: Shutting down and abandoning module Android_ETC1aTargetPlatform (93)
[2019.01.09-15.30.18:856][ 65]LogModuleManager: Shutting down and abandoning module Android_DXTTargetPlatform (91)
[2019.01.09-15.30.18:856][ 65]LogModuleManager: Shutting down and abandoning module Android_ATCTargetPlatform (89)
[2019.01.09-15.30.18:856][ 65]LogModuleManager: Shutting down and abandoning module Android_ASTCTargetPlatform (87)
[2019.01.09-15.30.18:857][ 65]LogModuleManager: Shutting down and abandoning module WindowsTargetPlatform (85)
[2019.01.09-15.30.18:857][ 65]LogModuleManager: Shutting down and abandoning module WindowsServerTargetPlatform (83)
[2019.01.09-15.30.18:857][ 65]LogModuleManager: Shutting down and abandoning module WindowsNoEditorTargetPlatform (81)
[2019.01.09-15.30.18:857][ 65]LogModuleManager: Shutting down and abandoning module WindowsClientTargetPlatform (79)
[2019.01.09-15.30.18:857][ 65]LogModuleManager: Shutting down and abandoning module MacTargetPlatform (77)
[2019.01.09-15.30.18:857][ 65]LogModuleManager: Shutting down and abandoning module MacServerTargetPlatform (75)
[2019.01.09-15.30.18:857][ 65]LogModuleManager: Shutting down and abandoning module MacNoEditorTargetPlatform (73)
[2019.01.09-15.30.18:857][ 65]LogModuleManager: Shutting down and abandoning module MacClientTargetPlatform (71)
[2019.01.09-15.30.18:857][ 65]LogModuleManager: Shutting down and abandoning module AllDesktopTargetPlatform (69)
[2019.01.09-15.30.18:857][ 65]LogModuleManager: Shutting down and abandoning module InputCore (66)
[2019.01.09-15.30.18:857][ 65]LogModuleManager: Shutting down and abandoning module Settings (64)
[2019.01.09-15.30.18:857][ 65]LogModuleManager: Shutting down and abandoning module PhysXCooking (62)
[2019.01.09-15.30.18:857][ 65]LogModuleManager: Shutting down and abandoning module SteamVR (60)
[2019.01.09-15.30.18:858][ 65]LogModuleManager: Shutting down and abandoning module OculusHMD (58)
[2019.01.09-15.30.18:875][ 65]LogModuleManager: Shutting down and abandoning module ExampleDeviceProfileSelector (56)
[2019.01.09-15.30.18:876][ 65]LogModuleManager: Shutting down and abandoning module AppleARKit (54)
[2019.01.09-15.30.18:876][ 65]LogModuleManager: Shutting down and abandoning module AugmentedReality (51)
[2019.01.09-15.30.18:876][ 65]LogModuleManager: Shutting down and abandoning module OnlineBlueprintSupport (48)
[2019.01.09-15.30.18:876][ 65]LogModuleManager: Shutting down and abandoning module OnlineSubsystem (44)
[2019.01.09-15.30.18:902][ 65]LogModuleManager: Shutting down and abandoning module XMPP (43)
[2019.01.09-15.30.18:933][ 65]LogModuleManager: Shutting down and abandoning module HTTP (41)
[2019.01.09-15.30.18:946][ 65]LogHttp: Display: Http module shutting down, but needs to wait on 1 outstanding Http requests:
[2019.01.09-15.30.18:946][ 65]LogHttp: Display: 	verb=[POST] url=[https://datarouter.ol.epicgames.com/datarouter/api/v1/public/data?SessionID=%7BD0789216-487D-8EF3-FEF8-998318525EE0%7D&AppID=UEEditor.Rocket.Release&AppVersion=4.19.2-4033788%2B%2B%2BUE4%2BRelease-4.19&UserID=017306bf4b503ec5fdfa879f4fdb5358%7C%7Ca2e754ce-a8fd-4232-bb27-f161ccfb5521&AppEnvironment=datacollector-binary&UploadType=eteventstream] status=Processing
[2019.01.09-15.30.18:967][ 65]LogModuleManager: Shutting down and abandoning module SSL (40)
[2019.01.09-15.30.19:032][ 65]LogModuleManager: Shutting down and abandoning module AnimationModifiers (36)
[2019.01.09-15.30.19:045][ 65]LogModuleManager: Shutting down and abandoning module PropertyEditor (35)
[2019.01.09-15.30.19:054][ 65]LogModuleManager: Shutting down and abandoning module AudioEditor (32)
[2019.01.09-15.30.19:068][ 65]LogModuleManager: Shutting down and abandoning module TextureCompressor (30)
[2019.01.09-15.30.19:089][ 65]LogModuleManager: Shutting down and abandoning module ShaderCore (28)
[2019.01.09-15.30.19:089][ 65]LogModuleManager: Shutting down and abandoning module Landscape (26)
[2019.01.09-15.30.19:089][ 65]LogModuleManager: Shutting down and abandoning module SlateRHIRenderer (24)
[2019.01.09-15.30.19:105][ 65]LogModuleManager: Shutting down and abandoning module OpenGLDrv (22)
[2019.01.09-15.30.19:114][ 65]LogModuleManager: Shutting down and abandoning module D3D11RHI (20)
[2019.01.09-15.30.19:115][ 65]LogModuleManager: Shutting down and abandoning module AnimGraphRuntime (18)
[2019.01.09-15.30.19:123][ 65]LogModuleManager: Shutting down and abandoning module Renderer (16)
[2019.01.09-15.30.19:123][ 65]LogModuleManager: Shutting down and abandoning module Engine (14)
[2019.01.09-15.30.19:123][ 65]LogModuleManager: Shutting down and abandoning module CoreUObject (12)
[2019.01.09-15.30.19:123][ 65]LogModuleManager: Shutting down and abandoning module NetworkFile (10)
[2019.01.09-15.30.19:126][ 65]LogModuleManager: Shutting down and abandoning module CookedIterativeFile (8)
[2019.01.09-15.30.19:126][ 65]LogModuleManager: Shutting down and abandoning module StreamingFile (6)
[2019.01.09-15.30.19:131][ 65]LogModuleManager: Shutting down and abandoning module SandboxFile (4)
[2019.01.09-15.30.19:139][ 65]LogModuleManager: Shutting down and abandoning module PakFile (2)
[2019.01.09-15.30.19:156][ 65]LogExit: Exiting.
[2019.01.09-15.30.19:175][ 65]Log file closed, 01/09/19 15:30:19
